d:\projects\laytrace\kuview\x64\release\kuview.pch
d:\projects\laytrace\kuview\x64\release\stdafx.obj
d:\projects\laytrace\kuview\x64\release\main.obj
d:\projects\laytrace\kuview\x64\release\kv_modelinfo_model.obj
d:\projects\laytrace\kuview\x64\release\kv_glwidget.obj
d:\projects\laytrace\kuview\x64\release\kv_camera.obj
d:\projects\laytrace\kuview\x64\release\kuview.obj
d:\projects\laytrace\kuview\x64\release\qrc_kuview.obj
d:\projects\laytrace\kuview\generatedfiles\ui_kuview.h
d:\projects\laytrace\kuview\generatedfiles\release\moc_kuview.cpp
d:\projects\laytrace\kuview\generatedfiles\qrc_kuview.cpp
d:\projects\laytrace\kuview\x64\release\kuview.tlog\cl.command.1.tlog
d:\projects\laytrace\kuview\x64\release\kuview.tlog\cl.read.1.tlog
d:\projects\laytrace\kuview\x64\release\kuview.tlog\cl.write.1.tlog
d:\projects\laytrace\kuview\x64\release\kuview.tlog\custombuild.command.1.tlog
d:\projects\laytrace\kuview\x64\release\kuview.tlog\custombuild.read.1.tlog
d:\projects\laytrace\kuview\x64\release\kuview.tlog\custombuild.write.1.tlog
d:\projects\laytrace\kuview\x64\release\kuview.tlog\link-cvtres.read.1.tlog
d:\projects\laytrace\kuview\x64\release\kuview.tlog\link-cvtres.write.1.tlog
d:\projects\laytrace\kuview\x64\release\kuview.tlog\link-rc.read.1.tlog
d:\projects\laytrace\kuview\x64\release\kuview.tlog\link-rc.write.1.tlog
d:\projects\laytrace\kuview\x64\release\kuview.tlog\link.command.1.tlog
d:\projects\laytrace\kuview\x64\release\kuview.tlog\link.read.1.tlog
d:\projects\laytrace\kuview\x64\release\kuview.tlog\link.write.1.tlog
