d:\projects\laytrace\kuview\x64\debug\vc141.pdb
d:\projects\laytrace\kuview\x64\debug\qrc_kuview.obj
d:\projects\laytrace\kuview\x64\debug\main.obj
d:\projects\laytrace\kuview\x64\debug\kuview.obj
d:\projects\laytrace\kuview\x64\debug\moc_kuview.obj
d:\projects\laytrace\kuview\x64\debug\kv_glwidget.obj
d:\projects\laytrace\kuview\x64\debug\kuview.pch
d:\projects\laytrace\kuview\x64\debug\stdafx.obj
d:\projects\laytrace\kuview\x64\debug\kv_camera.obj
d:\projects\laytrace\kuview\generatedfiles\debug\moc_kuview.cpp
d:\projects\laytrace\kuview\generatedfiles\qrc_kuview.cpp
d:\projects\laytrace\kuview\generatedfiles\ui_kuview.h
d:\projects\laytrace\x64\debug\kuview.pdb
d:\projects\laytrace\x64\debug\kuview.exe
d:\projects\laytrace\kuview\x64\debug\kuview.tlog\cl.command.1.tlog
d:\projects\laytrace\kuview\x64\debug\kuview.tlog\cl.read.1.tlog
d:\projects\laytrace\kuview\x64\debug\kuview.tlog\cl.write.1.tlog
d:\projects\laytrace\kuview\x64\debug\kuview.tlog\custombuild.command.1.tlog
d:\projects\laytrace\kuview\x64\debug\kuview.tlog\custombuild.read.1.tlog
d:\projects\laytrace\kuview\x64\debug\kuview.tlog\custombuild.write.1.tlog
d:\projects\laytrace\kuview\x64\debug\kuview.tlog\link.16228-cvtres.read.1.tlog
d:\projects\laytrace\kuview\x64\debug\kuview.tlog\link.16228-cvtres.write.1.tlog
d:\projects\laytrace\kuview\x64\debug\kuview.tlog\link.16228-rc.read.1.tlog
d:\projects\laytrace\kuview\x64\debug\kuview.tlog\link.16228-rc.write.1.tlog
d:\projects\laytrace\kuview\x64\debug\kuview.tlog\link.16228.read.1.tlog
d:\projects\laytrace\kuview\x64\debug\kuview.tlog\link.16228.write.1.tlog
d:\projects\laytrace\kuview\x64\debug\kuview.tlog\link.command.1.tlog
d:\projects\laytrace\kuview\x64\debug\kuview.tlog\link.read.1.tlog
d:\projects\laytrace\kuview\x64\debug\kuview.tlog\link.write.1.tlog
